[2025-06-17 08:09:07] Konfigurasi peta berhasil dibaca dari config_peta.txt.
[2025-06-17 08:09:07] Peta dibuat dengan titik awal (-6.9911, 110.4177) dan zoom 200.
[2025-06-17 08:09:07] Menambahkan marker: Lawang Sewu (TempatWisata) di koordinat (-6.984, 110.4105)
[2025-06-17 08:09:07] Menambahkan marker: Simpang Lima (TempatWisata) di koordinat (-6.9929, 110.42)
[2025-06-17 08:09:07] Menambahkan marker: Masjid Agung Jawa Tengah (TempatIbadah) di koordinat (-6.9892, 110.4452)
[2025-06-17 08:09:07] Menambahkan marker: Klenteng Sam Poo Kong (TempatIbadah) di koordinat (-6.998, 110.403)
[2025-06-17 08:09:07] Menambahkan marker: Brown Canyon (TempatWisata) di koordinat (-7.0375, 110.4875)
[2025-06-17 08:09:07] Menambahkan marker: Lumpia Gang Lombok (Kuliner) di koordinat (-6.9718, 110.4255)
[2025-06-17 08:09:07] Menambahkan marker: Kota Lama (TempatWisata) di koordinat (-6.969, 110.425)
[2025-06-17 08:09:07] Menambahkan marker: Pantai Marina (TempatWisata) di koordinat (-6.9585, 110.3875)
[2025-06-17 08:09:07] Menambahkan marker: Kampoeng Kopi Banaran (TempatWisata) di koordinat (-7.278, 110.401)
[2025-06-17 08:09:07] Menambahkan marker: Toko Oen (Kuliner) di koordinat (-6.9715, 110.4235)
[2025-06-17 08:09:07] Menambahkan marker: DPRD Provinsi Jawa Tengah (KantorPemerintahan) di koordinat (-6.9931, 110.4205)
[2025-06-17 08:09:07] Menambahkan marker: Museum Akpol Semarang (Museum) di koordinat (-6.9822, 110.4093)
[2025-06-17 08:09:07] Menambahkan marker: Taman Indonesia Kaya (TamanKota) di koordinat (-6.9911, 110.4177)
[2025-06-17 08:09:07] Peta disimpan ke 'peta_interaktif_semarang.html' dengan total 13 marker.
[2025-06-17 08:09:07] Konfigurasi peta berhasil dibaca dari config_peta.txt.
[2025-06-17 08:09:07] Peta dibuat dengan titik awal (-6.9911, 110.4177) dan zoom 200.
[2025-06-17 08:09:07] Menambahkan marker: Lawang Sewu (TempatWisata) di koordinat (-6.984, 110.4105)
[2025-06-17 08:09:07] Menambahkan marker: Simpang Lima (TempatWisata) di koordinat (-6.9929, 110.42)
[2025-06-17 08:09:07] Menambahkan marker: Masjid Agung Jawa Tengah (TempatIbadah) di koordinat (-6.9892, 110.4452)
[2025-06-17 08:09:07] Menambahkan marker: Klenteng Sam Poo Kong (TempatIbadah) di koordinat (-6.998, 110.403)
[2025-06-17 08:09:07] Menambahkan marker: Brown Canyon (TempatWisata) di koordinat (-7.0375, 110.4875)
[2025-06-17 08:09:07] Menambahkan marker: Lumpia Gang Lombok (Kuliner) di koordinat (-6.9718, 110.4255)
[2025-06-17 08:09:07] Menambahkan marker: Kota Lama (TempatWisata) di koordinat (-6.969, 110.425)
[2025-06-17 08:09:07] Menambahkan marker: Pantai Marina (TempatWisata) di koordinat (-6.9585, 110.3875)
[2025-06-17 08:09:07] Menambahkan marker: Kampoeng Kopi Banaran (TempatWisata) di koordinat (-7.278, 110.401)
[2025-06-17 08:09:07] Menambahkan marker: Toko Oen (Kuliner) di koordinat (-6.9715, 110.4235)
[2025-06-17 08:09:07] Menambahkan marker: DPRD Provinsi Jawa Tengah (KantorPemerintahan) di koordinat (-6.9931, 110.4205)
[2025-06-17 08:09:07] Menambahkan marker: Museum Akpol Semarang (Museum) di koordinat (-6.9822, 110.4093)
[2025-06-17 08:09:07] Menambahkan marker: Taman Indonesia Kaya (TamanKota) di koordinat (-6.9911, 110.4177)
[2025-06-17 08:09:07] Peta disimpan ke 'peta_kedua.html' dengan total 13 marker.
